#
# A fatal error has been detected by the Java Runtime Environment:
#
#  EXCEPTION_ACCESS_VIOLATION (0xc0000005) at pc=0x000000006d0d407a, pid=6592, tid=5240
#
# JRE version: 6.0_25-b06
# Java VM: Java HotSpot(TM) 64-Bit Server VM (20.0-b11 mixed mode windows-amd64 compressed oops)
# Problematic frame:
# C  [awt.dll+0xd407a]
#
# If you would like to submit a bug report, please visit:
#   http://java.sun.com/webapps/bugreport/crash.jsp
# The crash happened outside the Java Virtual Machine in native code.
# See problematic frame for where to report the bug.
#

---------------  T H R E A D  ---------------

Current thread (0x0000000006487000):  JavaThread "AWT-Windows" daemon [_thread_in_native, id=5240, stack(0x0000000007ae0000,0x0000000007be0000)]

siginfo: ExceptionCode=0xc0000005, reading address 0xffffffffffffffff

Registers:
RAX=0x000000006d11015a, RBX=0x00000000064871d0, RCX=0x00000000063932c0, RDX=0x000000006d000000
RSP=0x0000000007bdf510, RBP=0x000000006d171e00, RSI=0x0000000000000000, RDI=0x00000000063932c0
R8 =0x000000006def52c0, R9 =0x0000000000000000, R10=0x0000000000000001, R11=0x0000000000000000
R12=0x0000000000000000, R13=0x000000000000981a, R14=0x0000000023700602, R15=0x0000000023700602
RIP=0x000000006d0d407a, EFLAGS=0x0000000000010206

Top of Stack: (sp=0x0000000007bdf510)
0x0000000007bdf510:   00000000064871d0 00000000064871d0
0x0000000007bdf520:   0000000000000000 00000000063932c0
0x0000000007bdf530:   000000000000981a 000007fffff90000
0x0000000007bdf540:   0000000000000000 0000000076fb201b
0x0000000007bdf550:   0000000100000001 00000000064871d0
0x0000000007bdf560:   000000000000981a 0000000000000000
0x0000000007bdf570:   000000000000981a 0000000076fbc3c1
0x0000000007bdf580:   0000000000000000 0000000000000001
0x0000000007bdf590:   0000000000000000 0000000000000000
0x0000000007bdf5a0:   0000000000000000 0000000000000038
0x0000000007bdf5b0:   0000000000000001 0000000000000000
0x0000000007bdf5c0:   0000000000000000 000000007723f5e5
0x0000000007bdf5d0:   0000000000000048 0000000000000001
0x0000000007bdf5e0:   0000000000000000 0000000000000000
0x0000000007bdf5f0:   0000000000000030 ffffffffffffffff
0x0000000007bdf600:   ffffffffffffffff 0000000076fbc333 

Instructions: (pc=0x000000006d0d407a)
0x000000006d0d405a:   82 0b 03 00 90 48 8b 03 33 d2 48 8b cb ff 90 a0
0x000000006d0d406a:   00 00 00 33 c0 e9 bf 03 00 00 48 8b 07 48 8b cf
0x000000006d0d407a:   ff 50 20 85 c0 74 0f 48 8b 07 ba 01 00 00 00 48
0x000000006d0d408a:   8b cf ff 10 eb 19 45 33 c9 4c 8b c7 ba 1a 98 00 


Register to memory mapping:

RAX=0x000000006d11015a is an unknown value
RBX=0x00000000064871d0 is an unknown value
RCX=0x00000000063932c0 is an unknown value
RDX=0x000000006d000000 is an unknown value
RSP=0x0000000007bdf510 is pointing into the stack for thread: 0x0000000006487000
RBP=0x000000006d171e00 is an unknown value
RSI=0x0000000000000000 is an unknown value
RDI=0x00000000063932c0 is an unknown value
R8 =0x000000006def52c0 is an unknown value
R9 =0x0000000000000000 is an unknown value
R10=0x0000000000000001 is an unknown value
R11=0x0000000000000000 is an unknown value
R12=0x0000000000000000 is an unknown value
R13=0x000000000000981a is an unknown value
R14=0x0000000023700602 is an unknown value
R15=0x0000000023700602 is an unknown value


Stack: [0x0000000007ae0000,0x0000000007be0000],  sp=0x0000000007bdf510,  free space=1021k
Native frames: (J=compiled Java code, j=interpreted, Vv=VM code, C=native code)
C  [awt.dll+0xd407a]  Java_sun_awt_windows_WToolkit_loadSystemColors+0x91a

Java frames: (J=compiled Java code, j=interpreted, Vv=VM code)
j  sun.awt.windows.WToolkit.eventLoop()V+0
j  sun.awt.windows.WToolkit.run()V+52
j  java.lang.Thread.run()V+11
v  ~StubRoutines::call_stub

---------------  P R O C E S S  ---------------

Java Threads: ( => current thread )
  0x00000000089cf000 JavaThread "Thread-1" daemon [_thread_in_native, id=1776, stack(0x0000000009de0000,0x0000000009ee0000)]
  0x000000000028c000 JavaThread "DestroyJavaVM" [_thread_blocked, id=5600, stack(0x00000000024f0000,0x00000000025f0000)]
  0x000000000649d800 JavaThread "AWT-EventQueue-0" [_thread_blocked, id=2124, stack(0x00000000084d0000,0x00000000085d0000)]
  0x000000000649c800 JavaThread "AWT-Shutdown" [_thread_blocked, id=7012, stack(0x00000000083d0000,0x00000000084d0000)]
  0x00000000063e1800 JavaThread "TimerQueue" daemon [_thread_blocked, id=6856, stack(0x00000000079e0000,0x0000000007ae0000)]
=>0x0000000006487000 JavaThread "AWT-Windows" daemon [_thread_in_native, id=5240, stack(0x0000000007ae0000,0x0000000007be0000)]
  0x00000000063e1000 JavaThread "Java2D Disposer" daemon [_thread_blocked, id=6132, stack(0x00000000078e0000,0x00000000079e0000)]
  0x000000000639f000 JavaThread "Low Memory Detector" daemon [_thread_blocked, id=6632, stack(0x0000000007470000,0x0000000007570000)]
  0x0000000006392800 JavaThread "C2 CompilerThread1" daemon [_thread_blocked, id=3300, stack(0x0000000007370000,0x0000000007470000)]
  0x000000000637d000 JavaThread "C2 CompilerThread0" daemon [_thread_blocked, id=2644, stack(0x0000000007270000,0x0000000007370000)]
  0x000000000637c000 JavaThread "Attach Listener" daemon [_thread_blocked, id=6444, stack(0x0000000007170000,0x0000000007270000)]
  0x0000000006379000 JavaThread "Signal Dispatcher" daemon [_thread_blocked, id=3988, stack(0x0000000007070000,0x0000000007170000)]
  0x0000000006323000 JavaThread "Finalizer" daemon [_thread_blocked, id=6772, stack(0x0000000006f70000,0x0000000007070000)]
  0x0000000006322000 JavaThread "Reference Handler" daemon [_thread_blocked, id=6724, stack(0x0000000006e70000,0x0000000006f70000)]

Other Threads:
  0x0000000006318000 VMThread [stack: 0x0000000006d70000,0x0000000006e70000] [id=3528]
  0x00000000063b0800 WatcherThread [stack: 0x0000000007570000,0x0000000007670000] [id=2376]

VM state:not at safepoint (normal execution)

VM Mutex/Monitor currently owned by a thread: None

Heap
 PSYoungGen      total 18752K, used 1936K [0x00000000eb200000, 0x00000000ec6e0000, 0x0000000100000000)
  eden space 16128K, 8% used [0x00000000eb200000,0x00000000eb3443d8,0x00000000ec1c0000)
  from space 2624K, 24% used [0x00000000ec1c0000,0x00000000ec260020,0x00000000ec450000)
  to   space 2624K, 0% used [0x00000000ec450000,0x00000000ec450000,0x00000000ec6e0000)
 PSOldGen        total 42752K, used 10800K [0x00000000c1600000, 0x00000000c3fc0000, 0x00000000eb200000)
  object space 42752K, 25% used [0x00000000c1600000,0x00000000c208c030,0x00000000c3fc0000)
 PSPermGen       total 21248K, used 8396K [0x00000000bc400000, 0x00000000bd8c0000, 0x00000000c1600000)
  object space 21248K, 39% used [0x00000000bc400000,0x00000000bcc33098,0x00000000bd8c0000)

Code Cache  [0x00000000025f0000, 0x0000000002860000, 0x00000000055f0000)
 total_blobs=439 nmethods=104 adapters=288 free_code_cache=49681408 largest_free_block=15488

Dynamic libraries:
0x0000000000400000 - 0x000000000042e000 	C:\Program Files\Java\jre6\bin\javaw.exe
0x00000000771f0000 - 0x000000007739c000 	C:\Windows\SYSTEM32\ntdll.dll
0x0000000076e80000 - 0x0000000076f9f000 	C:\Windows\system32\kernel32.dll
0x000007fefd9a0000 - 0x000007fefda0c000 	C:\Windows\system32\KERNELBASE.dll
0x000007fefebe0000 - 0x000007fefecbb000 	C:\Windows\system32\ADVAPI32.dll
0x000007fefecc0000 - 0x000007fefed5f000 	C:\Windows\system32\msvcrt.dll
0x000007feff4e0000 - 0x000007feff4ff000 	C:\Windows\SYSTEM32\sechost.dll
0x000007fefee90000 - 0x000007fefefbe000 	C:\Windows\system32\RPCRT4.dll
0x0000000076fa0000 - 0x000000007709a000 	C:\Windows\system32\USER32.dll
0x000007fefeb70000 - 0x000007fefebd7000 	C:\Windows\system32\GDI32.dll
0x000007fefeaa0000 - 0x000007fefeaae000 	C:\Windows\system32\LPK.dll
0x000007feff010000 - 0x000007feff0da000 	C:\Windows\system32\USP10.dll
0x000007feff0e0000 - 0x000007feff10e000 	C:\Windows\system32\IMM32.DLL
0x000007feff3d0000 - 0x000007feff4d9000 	C:\Windows\system32\MSCTF.dll
0x000007fefd630000 - 0x000007fefd65f000 	C:\Windows\system32\nvinitx.dll
0x000000000f000000 - 0x000000000f006000 	C:\Program Files\NVIDIA Corporation\CoProcManager\_etoured.dll
0x000007fef9a10000 - 0x000007fef9a6f000 	C:\Program Files\NVIDIA Corporation\CoProcManager\nvd3d9wrapx.dll
0x000007fefda30000 - 0x000007fefdc07000 	C:\Windows\system32\SETUPAPI.dll
0x000007fefd920000 - 0x000007fefd956000 	C:\Windows\system32\CFGMGR32.dll
0x000007fefed60000 - 0x000007fefee37000 	C:\Windows\system32\OLEAUT32.dll
0x000007feff120000 - 0x000007feff322000 	C:\Windows\system32\ole32.dll
0x000007fefda10000 - 0x000007fefda2a000 	C:\Windows\system32\DEVOBJ.dll
0x000007fef99c0000 - 0x000007fef9a06000 	C:\Program Files\NVIDIA Corporation\CoProcManager\nvdxgiwrapx.dll
0x000000006d7f0000 - 0x000000006dfa8000 	C:\Program Files\Java\jre6\bin\server\jvm.dll
0x000007fefb6d0000 - 0x000007fefb70b000 	C:\Windows\system32\WINMM.dll
0x000000006d760000 - 0x000000006d76e000 	C:\Program Files\Java\jre6\bin\verify.dll
0x000000006d3b0000 - 0x000000006d3d7000 	C:\Program Files\Java\jre6\bin\java.dll
0x00000000773b0000 - 0x00000000773b7000 	C:\Windows\system32\PSAPI.DLL
0x000000006d7b0000 - 0x000000006d7c2000 	C:\Program Files\Java\jre6\bin\zip.dll
0x000000006d000000 - 0x000000006d1c3000 	C:\Program Files\Java\jre6\bin\awt.dll
0x000007fef9630000 - 0x000007fef96a0000 	C:\Windows\system32\WINSPOOL.DRV
0x000007fefdc90000 - 0x000007fefea17000 	C:\Windows\system32\SHELL32.dll
0x000007fefea20000 - 0x000007fefea91000 	C:\Windows\system32\SHLWAPI.dll
0x000007fefc0a0000 - 0x000007fefc294000 	C:\Windows\WinSxS\amd64_microsoft.windows.common-controls_6595b64144ccf1df_6.0.7600.16661_none_fa62ad231704eab7\COMCTL32.dll
0x000007fefb9d0000 - 0x000007fefb9e8000 	C:\Windows\system32\DWMAPI.DLL
0x000007fefbd60000 - 0x000007fefbdb6000 	C:\Windows\system32\uxtheme.dll
0x000000006d2a0000 - 0x000000006d306000 	C:\Program Files\Java\jre6\bin\fontmanager.dll
0x000007fefd560000 - 0x000007fefd56f000 	C:\Windows\system32\CRYPTBASE.dll

VM Arguments:
jvm_args: -Dfile.encoding=Cp1252 
java_command: GameFrame
Launcher Type: SUN_STANDARD

Environment Variables:
PATH=C:\Program Files (x86)\NVIDIA Corporation\PhysX\Common;C:\Program Files\Common Files\Microsoft Shared\Windows Live;C:\Program Files (x86)\Common Files\Microsoft Shared\Windows Live;C:\Windows\system32;C:\Windows;C:\Windows\System32\Wbem;C:\Windows\System32\WindowsPowerShell\v1.0\;C:\Program Files (x86)\Windows Live\Shared;;C:\Program Files\TortoiseHg\;C:\Program Files (x86)\Intel\OpenCL SDK\2.0\bin\x86;C:\Program Files (x86)\Intel\OpenCL SDK\2.0\bin\x64;C:\Program Files\Microsoft\Web Platform Installer\;C:\Program Files (x86)\Microsoft ASP.NET\ASP.NET Web Pages\v1.0\;C:\Program Files (x86)\Windows Kits\8.0\Windows Performance Toolkit\;C:\Program Files\Microsoft SQL Server\110\Tools\Binn\
USERNAME=MK
OS=Windows_NT
PROCESSOR_IDENTIFIER=Intel64 Family 6 Model 42 Stepping 7, GenuineIntel



---------------  S Y S T E M  ---------------

OS: Windows 7 Build 7600 

CPU:total 8 (4 cores per cpu, 2 threads per core) family 6 model 42 stepping 7, cmov, cx8, fxsr, mmx, sse, sse2, sse3, ssse3, sse4.1, sse4.2, popcnt, ht

Memory: 4k page, physical 4103248k(1696620k free), swap 8204596k(5123824k free)

vm_info: Java HotSpot(TM) 64-Bit Server VM (20.0-b11) for windows-amd64 JRE (1.6.0_25-b06), built on Apr 14 2011 00:44:38 by "java_re" with MS VC++ 8.0 (VS2005)

time: Tue Feb 11 13:07:12 2014
elapsed time: 12 seconds

